
XDMF Mesh - Cell data loaded.
XDMF Mesh - Facet data loaded.
Number of cells:  55,113
Number of cores:  1 

Degree of basis functions:  1 

/\ Temperature function is used for passive flame matrices.
- Choked inlet boundary on boundary 3
- Choked outlet boundary on boundary 8
- Robin boundaries are modelled.
- Passive matrices are assembling..
- Matrix A is assembled.
- Matrix B is assembled.
- Matrix C is assembled.

- PEP solver started.
- PEP solver converged. Eigenvalue computed.
-> Fixed point iteration started.

* iter =  1
- Direct matrix D is assembling...
- Generating matrix D..
- Submatrix D is Assembled.
- Matrix D is assembled.
- PEP solver started.
- PEP solver converged. Eigenvalue computed.
+ omega = +1690.08986845  -28.51162786j,  |domega| = 4.04e+01

* iter =  2
- Direct matrix D is assembling...
- Generating matrix D..
- Submatrix D is Assembled.
- Matrix D is assembled.
- PEP solver started.
- PEP solver converged. Eigenvalue computed.
+ omega = +1651.92307384  -43.46662914j,  |domega| = 4.10e+01

* iter =  3
- Direct matrix D is assembling...
- Generating matrix D..
- Submatrix D is Assembled.
- Matrix D is assembled.
- PEP solver started.
- PEP solver converged. Eigenvalue computed.
+ omega = +1651.92536215  -43.45967553j,  |domega| = 7.32e-03

* iter =  4
- Direct matrix D is assembling...
- Generating matrix D..
- Submatrix D is Assembled.
- Matrix D is assembled.
- PEP solver started.
- PEP solver converged. Eigenvalue computed.
+ omega = +1651.92536249  -43.45967609j,  |domega| = 6.61e-07

* iter =  5
- Direct matrix D is assembling...
- Generating matrix D..
- Submatrix D is Assembled.
- Matrix D is assembled.
- PEP solver started.
- PEP solver converged. Eigenvalue computed.
+ omega = +1651.92536249  -43.45967609j,  |domega| = 1.80e-11

Eigenvalue-> 1651.925362-43.459676j | Eigenfrequency-> 262.912087-6.916822j
 
Total Execution Time:  0:00:35.115017
