Degree of basis functions:  1 

\/ Speed of sound function is used for passive flame matrices.
- Robin boundary on boundary 1
- Robin boundary on boundary 2
- Passive matrices are assembling..
- Matrix A is assembled.
- Matrix B is assembled.
- Matrix C is assembled.

- Generating matrix D..
- Submatrix D is Assembled.
- PEP solver started.
- PEP solver converged. Eigenvalue computed.
-> Fixed point iteration started.

* iter =  1
- Direct matrix D is assembling...
- Matrix D is assembled.
- PEP solver started.
- PEP solver converged. Eigenvalue computed.
+ omega = +3.42489130  -0.01224085j,  |domega| = 1.50e-02

* iter =  2
- Direct matrix D is assembling...
- Matrix D is assembled.
- PEP solver started.
- PEP solver converged. Eigenvalue computed.
+ omega = +3.42271394  +0.00219373j,  |domega| = 1.46e-02

* iter =  3
- Direct matrix D is assembling...
- Matrix D is assembled.
- PEP solver started.
- PEP solver converged. Eigenvalue computed.
+ omega = +3.42271328  +0.00219526j,  |domega| = 1.66e-06

* iter =  4
- Direct matrix D is assembling...
- Matrix D is assembled.
- PEP solver started.
- PEP solver converged. Eigenvalue computed.
+ omega = +3.42271328  +0.00219526j,  |domega| = 9.23e-11

Eigenvalue-> 3.422713+0.002195j | Eigenfrequency-> 0.544742+0.000349j
 
- Generating matrix D..
- Submatrix D is Assembled.
- PEP solver started.
- PEP solver converged. Eigenvalue computed.
-> Fixed point iteration started.

* iter =  1
- Adjoint matrix D is assembling...
- Matrix D is assembled.
- PEP solver started.
- PEP solver converged. Eigenvalue computed.
+ omega = +3.42489130  +0.01224085j,  |domega| = 1.50e-02

* iter =  2
- Adjoint matrix D is assembling...
- Matrix D is assembled.
- PEP solver started.
- PEP solver converged. Eigenvalue computed.
+ omega = +3.42271394  -0.00219373j,  |domega| = 1.46e-02

* iter =  3
- Adjoint matrix D is assembling...
- Matrix D is assembled.
- PEP solver started.
- PEP solver converged. Eigenvalue computed.
+ omega = +3.42271328  -0.00219526j,  |domega| = 1.66e-06

* iter =  4
- Adjoint matrix D is assembling...
- Matrix D is assembled.
- PEP solver started.
- PEP solver converged. Eigenvalue computed.
+ omega = +3.42271328  -0.00219526j,  |domega| = 9.23e-11

Eigenvalue-> 3.422713-0.002195j | Eigenfrequency-> 0.544742-0.000349j
 
Total Execution Time:  0:00:02.394177
