Degree of basis functions:  1 

/\ Temperature function is used for passive flame matrices.
- Neumann boundaries on boundary 1
- Neumann boundaries on boundary 2
- Passive matrices are assembling..
- Matrix A is assembled.
- Matrix C is assembled.

- Generating matrix D..
- Submatrix D is Assembled.
--> Fixed point iteration started.

- EPS solver started.
- EPS solver converged. Eigenvalue computed.
+ Starting eigenvalue is found: +1244.30708132  +0.00000000j. 
-> Iterations are starting.
 
* iter =  1
- Direct matrix D is assembling...
- Matrix D is assembled.
- EPS solver started.
- EPS solver converged. Eigenvalue computed.
+ omega = +1243.22432600  +3.37134969j,  |domega| = 3.54e+00

* iter =  2
- Direct matrix D is assembling...
- Matrix D is assembled.
- EPS solver started.
- EPS solver converged. Eigenvalue computed.
+ omega = +1242.18527744  +6.68305268j,  |domega| = 3.47e+00

* iter =  3
- Direct matrix D is assembling...
- Matrix D is assembled.
- EPS solver started.
- EPS solver converged. Eigenvalue computed.
+ omega = +1242.18512287  +6.68316034j,  |domega| = 1.88e-04

* iter =  4
- Direct matrix D is assembling...
- Matrix D is assembled.
- EPS solver started.
- EPS solver converged. Eigenvalue computed.
+ omega = +1242.18512287  +6.68316034j,  |domega| = 4.94e-09

Eigenvalue-> 1242.185123+6.683160j | Eigenfrequency-> 197.699903+1.063658j
 
Total Execution Time:  0:00:01.360656
