
XDMF Mesh - Cell data loaded.
XDMF Mesh - Facet data loaded.
Number of cells:  187,063
Number of cores:  8 

Degree of basis functions:  1 

/\ Temperature function is used for passive flame matrices.
- Choked inlet boundary on boundary 3
- Choked outlet boundary on boundary 8
- Passive matrices are assembling..
- Matrix A is assembled.
- Matrix B is assembled.
- Matrix C is assembled.

- PEP solver started.
- PEP solver converged. Eigenvalue computed.

******************************
*** SLEPc Solution Results ***
******************************

Number of iterations of the method: 11
Solution method: toar
Number of requested eigenvalues: 10
Stopping condition: tol=1e-15, maxit=5417
Number of converged eigenpairs 11

    1644.903847,      -11.921408
       0.000000,        0.000000
      -0.000000,      -10.583688
    3817.028929,       -4.846468
   -1644.903847,      -11.921408
    5834.260339,       -6.864551
   -3817.028929,       -4.846468
    7937.710543,       -6.326577
   -5834.260339,       -6.864551
    9203.648464,       -1.807320
    9203.701975,       -1.809800

Eigenvalue-> 1644.903847-11.921408j | Eigenfrequency-> 261.794578-1.897351j
 
Total Execution Time:  0:00:06.541133
