
XDMF Mesh - Cell data loaded.
XDMF Mesh - Facet data loaded.
Number of cells:  177,771
Number of cores:  1 

Degree of basis functions:  1 

/\ Temperature function is used for passive flame matrices.
- Choked inlet boundary on boundary 3
- Choked outlet boundary on boundary 8
- Passive matrices are assembling..
- Matrix A is assembled.
- Matrix B is assembled.
- Matrix C is assembled.

- PEP solver started.
- PEP solver converged. Eigenvalue computed.

******************************
*** SLEPc Solution Results ***
******************************

Number of iterations of the method: 11
Solution method: toar
Number of requested eigenvalues: 10
Stopping condition: tol=1e-15, maxit=5416
Number of converged eigenpairs 11

    1644.923520,      -11.921369
      -0.000000,       -0.000000
       0.000000,      -10.583687
    3817.046023,       -4.846332
   -1644.923520,      -11.921369
    5834.364565,       -6.864748
   -3817.046023,       -4.846332
    7937.726620,       -6.326746
   -5834.364565,       -6.864748
    9203.635140,       -1.810208
    9203.728888,       -1.811219

Eigenvalue-> 1644.923520-11.921369j | Eigenfrequency-> 261.797709-1.897345j
 
Total Execution Time:  0:00:27.386038
