
XDMF Mesh - Cell data loaded.
XDMF Mesh - Facet data loaded.
Number of cells:  9,229
Number of cores:  4 

Degree of basis functions:  1 

\/ Speed of sound function is used for passive flame matrices.
- Neumann boundaries on boundary 1
- Neumann boundaries on boundary 2
- Neumann boundaries on boundary 3
- Passive matrices are assembling..
- Matrix A is assembled.
- Matrix C is assembled.

--> Fixed point iteration started.

- EPS solver started.
- EPS solver converged. Eigenvalue computed.
+ Starting eigenvalue is found: +1249.92148448  -0.00000000j. 
-> Iterations are starting.
 
* iter =  1
- Direct matrix D is assembling...
- Generating matrix D..
- Submatrix D is Assembled.
- Matrix D is assembled.
- EPS solver started.
- EPS solver converged. Eigenvalue computed.
+ omega = +1248.78795053  +3.42946913j,  |domega| = 3.61e+00

* iter =  2
- Direct matrix D is assembling...
- Generating matrix D..
- Submatrix D is Assembled.
- Matrix D is assembled.
- EPS solver started.
- EPS solver converged. Eigenvalue computed.
+ omega = +1247.70091091  +6.79767184j,  |domega| = 3.54e+00

* iter =  3
- Direct matrix D is assembling...
- Generating matrix D..
- Submatrix D is Assembled.
- Matrix D is assembled.
- EPS solver started.
- EPS solver converged. Eigenvalue computed.
+ omega = +1247.70075389  +6.79778179j,  |domega| = 1.92e-04

* iter =  4
- Direct matrix D is assembling...
- Generating matrix D..
- Submatrix D is Assembled.
- Matrix D is assembled.
- EPS solver started.
- EPS solver converged. Eigenvalue computed.
+ omega = +1247.70075388  +6.79778179j,  |domega| = 5.84e-09

Eigenvalue-> 1247.700754+6.797782j | Eigenfrequency-> 198.577742+1.081901j
 
Total Execution Time:  0:00:01.550465
