
XDMF Mesh - Cell data loaded.
XDMF Mesh - Facet data loaded.
Number of cells:  68,246
Number of cores:  8 

Degree of basis functions:  1 

/\ Temperature function is used for passive flame matrices.
- Neumann boundaries on boundary 1
- Robin boundary on boundary 2
- Robin boundary on boundary 3
- Passive matrices are assembling..
- Matrix A is assembled.
- Matrix B is assembled.
- Matrix C is assembled.

- Generating matrix D..
- Submatrix D is Assembled.
- PEP solver started.
- PEP solver converged. Eigenvalue computed.
-> Fixed point iteration started.

* iter =  1
- Direct matrix D is assembling...
- Matrix D is assembled.
- PEP solver started.
- PEP solver converged. Eigenvalue computed.
+ omega = +1271.42448223  -5.73796163j,  |domega| = 3.77e+00

* iter =  2
- Direct matrix D is assembling...
- Matrix D is assembled.
- PEP solver started.
- PEP solver converged. Eigenvalue computed.
+ omega = +1270.28381353  -2.23027518j,  |domega| = 3.69e+00

* iter =  3
- Direct matrix D is assembling...
- Matrix D is assembled.
- PEP solver started.
- PEP solver converged. Eigenvalue computed.
+ omega = +1270.28363028  -2.23013135j,  |domega| = 2.33e-04

* iter =  4
- Direct matrix D is assembling...
- Matrix D is assembled.
- PEP solver started.
- PEP solver converged. Eigenvalue computed.
+ omega = +1270.28363027  -2.23013135j,  |domega| = 7.40e-09

Eigenvalue-> 1270.283630-2.230131j | Eigenfrequency-> 202.171919-0.354936j
 
/home/ee331/Dev/Venvs/paper/repos/src/helmholtz-x/numerical_examples/ShapeSensitivities/RijkeFFD/Results/Optimized/eigenvalue.txt  is saved.
Total Execution Time:  0:01:30.115630
