
XDMF Mesh - Cell data loaded.
XDMF Mesh - Facet data loaded.
Number of cells:  1,268
Number of cores:  4 

Degree of basis functions:  1 

/\ Temperature function is used for passive flame matrices.
- Neumann boundaries on boundary 4
- Neumann boundaries on boundary 3
- Neumann boundaries on boundary 2
- Neumann boundaries on boundary 1
- Passive matrices are assembling..
- Matrix A is assembled.
- Matrix C is assembled.

- Generating matrix D..
- Submatrix D is Assembled.
--> Fixed point iteration started.

- EPS solver started.
- EPS solver converged. Eigenvalue computed.
+ Starting eigenvalue is found: +1244.69894962  -0.00000000j. 
-> Iterations are starting.
 
* iter =  1
- Direct matrix D is assembling...
- Matrix D is assembled.
- EPS solver started.
- EPS solver converged. Eigenvalue computed.
+ omega = +1243.61685192  +3.36394756j,  |domega| = 3.53e+00

* iter =  2
- Direct matrix D is assembling...
- Matrix D is assembled.
- EPS solver started.
- EPS solver converged. Eigenvalue computed.
+ omega = +1242.57833264  +6.66852411j,  |domega| = 3.46e+00

* iter =  3
- Direct matrix D is assembling...
- Matrix D is assembled.
- EPS solver started.
- EPS solver converged. Eigenvalue computed.
+ omega = +1242.57817889  +6.66863098j,  |domega| = 1.87e-04

* iter =  4
- Direct matrix D is assembling...
- Matrix D is assembled.
- EPS solver started.
- EPS solver converged. Eigenvalue computed.
+ omega = +1242.57817889  +6.66863098j,  |domega| = 4.98e-09

Eigenvalue-> 1242.578179+6.668631j | Eigenfrequency-> 197.762459+1.061346j
 
Total Execution Time:  0:00:00.382354
