
XDMF Mesh - Cell data loaded.
XDMF Mesh - Facet data loaded.
Number of cells:  177,771
Number of cores:  1 

Degree of basis functions:  1 

/\ Temperature function is used for passive flame matrices.
- Choked inlet boundary on boundary 3
- Choked outlet boundary on boundary 8
- Passive matrices are assembling..
- Matrix A is assembled.
- Matrix B is assembled.
- Matrix C is assembled.

- Generating matrix D..
- Submatrix D is Assembled.
- PEP solver started.
- PEP solver converged. Eigenvalue computed.
-> Fixed point iteration started.

* iter =  1
- Direct matrix D is assembling...
- Matrix D is assembled.
- PEP solver started.
- PEP solver converged. Eigenvalue computed.
+ omega = +1687.66187419  -28.39224125j,  |domega| = 4.02e+01

* iter =  2
- Direct matrix D is assembling...
- Matrix D is assembled.
- PEP solver started.
- PEP solver converged. Eigenvalue computed.
+ omega = +1649.69360181  -43.24102238j,  |domega| = 4.08e+01

* iter =  3
- Direct matrix D is assembling...
- Matrix D is assembled.
- PEP solver started.
- PEP solver converged. Eigenvalue computed.
+ omega = +1649.69586883  -43.23420049j,  |domega| = 7.19e-03

* iter =  4
- Direct matrix D is assembling...
- Matrix D is assembled.
- PEP solver started.
- PEP solver converged. Eigenvalue computed.
+ omega = +1649.69586916  -43.23420104j,  |domega| = 6.41e-07

* iter =  5
- Direct matrix D is assembling...
- Matrix D is assembled.
- PEP solver started.
- PEP solver converged. Eigenvalue computed.
+ omega = +1649.69586916  -43.23420104j,  |domega| = 2.27e-11

Eigenvalue-> 1649.695869-43.234201j | Eigenfrequency-> 262.557252-6.880937j
 
Total Execution Time:  0:08:18.860136
