
XDMF Mesh - Cell data loaded.
XDMF Mesh - Facet data loaded.
Number of cells:  187,183
Number of cores:  8 

Degree of basis functions:  1 

/\ Temperature function is used for passive flame matrices.
- Choked inlet boundary on boundary 3
- Choked outlet boundary on boundary 8
- Passive matrices are assembling..
- Matrix A is assembled.
- Matrix B is assembled.
- Matrix C is assembled.

- Generating matrix D..
- Submatrix D is Assembled.
- PEP solver started.
- PEP solver converged. Eigenvalue computed.
-> Fixed point iteration started.

* iter =  1
- Direct matrix D is assembling...
- Matrix D is assembled.
- PEP solver started.
- PEP solver converged. Eigenvalue computed.
+ omega = +1687.82289548  -28.31567667j,  |domega| = 4.00e+01

* iter =  2
- Direct matrix D is assembling...
- Matrix D is assembled.
- PEP solver started.
- PEP solver converged. Eigenvalue computed.
+ omega = +1650.02593910  -43.09652764j,  |domega| = 4.06e+01

* iter =  3
- Direct matrix D is assembling...
- Matrix D is assembled.
- PEP solver started.
- PEP solver converged. Eigenvalue computed.
+ omega = +1650.02817711  -43.08980679j,  |domega| = 7.08e-03

* iter =  4
- Direct matrix D is assembling...
- Matrix D is assembled.
- PEP solver started.
- PEP solver converged. Eigenvalue computed.
+ omega = +1650.02817743  -43.08980733j,  |domega| = 6.25e-07

* iter =  5
- Direct matrix D is assembling...
- Matrix D is assembled.
- PEP solver started.
- PEP solver converged. Eigenvalue computed.
+ omega = +1650.02817743  -43.08980733j,  |domega| = 1.75e-11

Eigenvalue-> 1650.028177-43.089807j | Eigenfrequency-> 262.610141-6.857956j
 
Total Execution Time:  0:02:54.977518
