
XDMF Mesh - Cell data loaded.
XDMF Mesh - Facet data loaded.
Number of cells:  1,234
Number of cores:  1 

Degree of basis functions:  1 

\/ Speed of sound function is used for passive flame matrices.
- Neumann boundaries on boundary 4
- Neumann boundaries on boundary 3
- Neumann boundaries on boundary 2
- Neumann boundaries on boundary 1
- Passive matrices are assembling..
- Matrix A is assembled.
- Matrix C is assembled.

- EPS solver started.
- EPS solver converged. Eigenvalue computed.

******************************
*** SLEPc Solution Results ***
******************************

Number of iterations of the method: 1
Solution method: krylovschur
Number of requested eigenvalues: 2
Stopping condition: tol=1e-15, maxit=100
Number of converged eigenpairs 4

 1132645.968031,        0.000000
      -0.000000,        0.000000
 4531402.663992,        0.000000
10198686.445145,       -0.000000

Eigenvalue-> 1064.258412+0.000000j | Eigenfrequency-> 169.381987+0.000000j
 
Total Execution Time:  0:00:00.049635
