XDMF Mesh is loaded.
Number of cells:  12,114
Number of cores:  1 

\/ Speed of sound function is used for passive flame matrices.
- Passive matrices are assembling..
- Matrix A is assembled.
! Note: It can be faster to use EPS solver.
- Matrix B is assembled.
- Matrix C is assembled.

- PEP solver started.
- PEP solver converged. Eigenvalue computed.

******************************
*** SLEPc Solution Results ***
******************************

Number of iterations of the method: 2
Solution method: toar
Number of requested eigenvalues: 2
Stopping condition: tol=1e-15, maxit=1507
Number of converged eigenpairs 2

    1064.229194,       -0.000000
    2128.475972,       -0.000000

Eigenvalue-> 1064.229194-0.000000j

Frequency -> 169.377337 (1/s) | Growth Rate -> -0.000000 (rad/s) 

Total Execution Time:  0:00:00.330770
