
XDMF Mesh - Cell data loaded.
XDMF Mesh - Facet data loaded.
Number of cells:  9,042
Number of cores:  1 

Degree of basis functions:  1 

\/ Speed of sound function is used for passive flame matrices.
- Neumann boundaries on boundary 1
- Neumann boundaries on boundary 2
- Neumann boundaries on boundary 3
- Passive matrices are assembling..
- Matrix A is assembled.
- Matrix C is assembled.

- Generating matrix D..
- Submatrix D is Assembled.
--> Fixed point iteration started.

- EPS solver started.
- EPS solver converged. Eigenvalue computed.
+ Starting eigenvalue is found: +1249.92148448  -0.00000000j. 
-> Iterations are starting.
 
* iter =  1
- Direct matrix D is assembling...
- Matrix D is assembled.
- EPS solver started.
- EPS solver converged. Eigenvalue computed.
+ omega = +1248.78784704  +3.42956819j,  |domega| = 3.61e+00

* iter =  2
- Direct matrix D is assembling...
- Matrix D is assembled.
- EPS solver started.
- EPS solver converged. Eigenvalue computed.
+ omega = +1247.70071094  +6.79786693j,  |domega| = 3.54e+00

* iter =  3
- Direct matrix D is assembling...
- Matrix D is assembled.
- EPS solver started.
- EPS solver converged. Eigenvalue computed.
+ omega = +1247.70054429  +6.79797695j,  |domega| = 2.00e-04

* iter =  4
- Direct matrix D is assembling...
- Matrix D is assembled.
- EPS solver started.
- EPS solver converged. Eigenvalue computed.
+ omega = +1247.70054428  +6.79797695j,  |domega| = 5.57e-09

Eigenvalue-> 1247.700544+6.797977j | Eigenfrequency-> 198.577709+1.081932j
 
Total Execution Time:  0:00:01.616374
