
XDMF Mesh - Cell data loaded.
XDMF Mesh - Facet data loaded.
Number of cells:  8,712
Number of cores:  4 

Degree of basis functions:  1 

\/ Speed of sound function is used for passive flame matrices.
- Neumann boundaries on boundary 1
- Neumann boundaries on boundary 2
- Neumann boundaries on boundary 3
- Passive matrices are assembling..
- Matrix A is assembled.
- Matrix C is assembled.

- Generating matrix D..
- Submatrix D is Assembled.
--> Fixed point iteration started.

- EPS solver started.
- EPS solver converged. Eigenvalue computed.
+ Starting eigenvalue is found: +1249.66494052  -0.00000000j. 
-> Iterations are starting.
 
* iter =  1
- Direct matrix D is assembling...
- Matrix D is assembled.
- EPS solver started.
- EPS solver converged. Eigenvalue computed.
+ omega = +1248.52758621  +3.44467515j,  |domega| = 3.63e+00

* iter =  2
- Direct matrix D is assembling...
- Matrix D is assembled.
- EPS solver started.
- EPS solver converged. Eigenvalue computed.
+ omega = +1247.43709122  +6.82752793j,  |domega| = 3.55e+00

* iter =  3
- Direct matrix D is assembling...
- Matrix D is assembled.
- EPS solver started.
- EPS solver converged. Eigenvalue computed.
+ omega = +1247.43692255  +6.82763951j,  |domega| = 2.02e-04

* iter =  4
- Direct matrix D is assembling...
- Matrix D is assembled.
- EPS solver started.
- EPS solver converged. Eigenvalue computed.
+ omega = +1247.43692255  +6.82763951j,  |domega| = 5.67e-09

Eigenvalue-> 1247.436923+6.827640j | Eigenfrequency-> 198.535752+1.086653j
 
Total Execution Time:  0:00:01.535218
