XDMF Mesh is loaded.
Number of cells:  55,020
Number of cores:  1 

/\ Temperature function is used for passive flame matrices.
- Passive matrices are assembling..
- Matrix A is assembled.
- Matrix B is assembled.
- Matrix C is assembled.

- PEP solver started.
- PEP solver converged. Eigenvalue computed.
-> Fixed point iteration started.

* iter =  1
- Generating Matrix D..
- Matrix D is assembled.
- PEP solver started.
- PEP solver converged. Eigenvalue computed.
+ omega = +1690.22498300  -28.49535562j,  |domega| = 4.03e+01

* iter =  2
- Generating Matrix D..
- Matrix D is assembled.
- PEP solver started.
- PEP solver converged. Eigenvalue computed.
+ omega = +1652.10559996  -43.43754584j,  |domega| = 4.09e+01

* iter =  3
- Generating Matrix D..
- Matrix D is assembled.
- PEP solver started.
- PEP solver converged. Eigenvalue computed.
+ omega = +1652.10787828  -43.43061469j,  |domega| = 7.30e-03

* iter =  4
- Generating Matrix D..
- Matrix D is assembled.
- PEP solver started.
- PEP solver converged. Eigenvalue computed.
+ omega = +1652.10787862  -43.43061526j,  |domega| = 6.57e-07

* iter =  5
- Generating Matrix D..
- Matrix D is assembled.
- PEP solver started.
- PEP solver converged. Eigenvalue computed.
+ omega = +1652.10787862  -43.43061526j,  |domega| = 6.60e-12

Eigenvalue-> 1652.107879-43.430615j

Frequency -> 262.941135 (1/s) | Growth Rate -> -43.430615 (rad/s) 

Total Execution Time:  0:00:36.171876
