
XDMF Mesh - Cell data loaded.
XDMF Mesh - Facet data loaded.
Number of cells:  9,042
Number of cores:  1 

Degree of basis functions:  1 

\/ Speed of sound function is used for passive flame matrices.
- Neumann boundaries on boundary 1
- Neumann boundaries on boundary 2
- Neumann boundaries on boundary 3
- Passive matrices are assembling..
- Matrix A is assembled.
- Matrix C is assembled.

- EPS solver started.
- EPS solver converged. Eigenvalue computed.

******************************
*** SLEPc Solution Results ***
******************************

Number of iterations of the method: 1
Solution method: krylovschur
Number of requested eigenvalues: 2
Stopping condition: tol=1e-15, maxit=299
Number of converged eigenpairs 4

 1133261.861854,        0.000000
       0.000000,        0.000000
 4531566.521548,        0.000000
10199159.501664,       -0.000000

Eigenvalue-> 1064.547726+0.000000j | Eigenfrequency-> 169.428033+0.000000j
 
Total Execution Time:  0:00:00.173142
