Degree of basis functions:  1 

\/ Speed of sound function is used for passive flame matrices.
- Passive matrices are assembling..
- Matrix A is assembled.
! Note: It can be faster to use EPS solver.
- Matrix B is assembled.
- Matrix C is assembled.

- PEP solver started.
- PEP solver converged. Eigenvalue computed.

******************************
*** SLEPc Solution Results ***
******************************

Number of iterations of the method: 2
Solution method: toar
Number of requested eigenvalues: 2
Stopping condition: tol=1e-15, maxit=100
Number of converged eigenpairs 2

    1050.373534,        0.000000
    2100.482504,        0.000000

Eigenvalue-> 1050.373534+0.000000j | Eigenfrequency-> 167.172140+0.000000j
 
Total Execution Time:  0:00:00.148813
