
XDMF Mesh - Cell data loaded.
XDMF Mesh - Facet data loaded.
Number of cells:  58,415
Number of cores:  6 

Degree of basis functions:  1 

/\ Temperature function is used for passive flame matrices.
- Choked inlet boundary on boundary 3
- Choked outlet boundary on boundary 8
- Robin boundaries are modelled.
- Passive matrices are assembling..
- Matrix A is assembled.
- Matrix B is assembled.
- Matrix C is assembled.

- PEP solver started.
- PEP solver converged. Eigenvalue computed.
-> Fixed point iteration started.

* iter =  1
- Direct matrix D is assembling...
- Generating matrix D..
- Submatrix D is Assembled.
- Matrix D is assembled.
- PEP solver started.
- PEP solver converged. Eigenvalue computed.
+ omega = +1690.00930122  -28.51211588j,  |domega| = 4.04e+01

* iter =  2
- Direct matrix D is assembling...
- Generating matrix D..
- Submatrix D is Assembled.
- Matrix D is assembled.
- PEP solver started.
- PEP solver converged. Eigenvalue computed.
+ omega = +1651.83624582  -43.46814289j,  |domega| = 4.10e+01

* iter =  3
- Direct matrix D is assembling...
- Generating matrix D..
- Submatrix D is Assembled.
- Matrix D is assembled.
- PEP solver started.
- PEP solver converged. Eigenvalue computed.
+ omega = +1651.83853600  -43.46119063j,  |domega| = 7.32e-03

* iter =  4
- Direct matrix D is assembling...
- Generating matrix D..
- Submatrix D is Assembled.
- Matrix D is assembled.
- PEP solver started.
- PEP solver converged. Eigenvalue computed.
+ omega = +1651.83853634  -43.46119120j,  |domega| = 6.61e-07

* iter =  5
- Direct matrix D is assembling...
- Generating matrix D..
- Submatrix D is Assembled.
- Matrix D is assembled.
- PEP solver started.
- PEP solver converged. Eigenvalue computed.
+ omega = +1651.83853634  -43.46119120j,  |domega| = 4.99e-11

Eigenvalue-> 1651.838536-43.461191j | Eigenfrequency-> 262.898268-6.917063j
 
Total Execution Time:  0:00:24.854252
