
XDMF Mesh - Cell data loaded.
XDMF Mesh - Facet data loaded.
Number of cells:  58,252
Number of cores:  6 

Degree of basis functions:  1 

/\ Temperature function is used for passive flame matrices.
- Choked inlet boundary on boundary 3
- Choked outlet boundary on boundary 8
- Passive matrices are assembling..
- Matrix A is assembled.
- Matrix B is assembled.
- Matrix C is assembled.

- PEP solver started.
- PEP solver converged. Eigenvalue computed.

******************************
*** SLEPc Solution Results ***
******************************

Number of iterations of the method: 11
Solution method: toar
Number of requested eigenvalues: 10
Stopping condition: tol=1e-15, maxit=1810
Number of converged eigenpairs 12

    1646.899903,      -11.918981
      -0.000000,        0.000000
      -0.000000,      -10.581701
    3820.374389,       -4.842635
   -1646.899903,      -11.918981
    5851.087646,       -6.921495
   -3820.374389,       -4.842635
    7950.200192,       -6.412865
   -5851.087645,       -6.921495
    9221.152887,       -1.814827
    9221.655805,       -1.813044
    9466.573381,      -23.329286

Eigenvalue-> 1646.899903-11.918981j | Eigenfrequency-> 262.112260-1.896965j
 
Total Execution Time:  0:00:02.065658
