
XDMF Mesh - Cell data loaded.
XDMF Mesh - Facet data loaded.
Number of cells:  163,165
Number of cores:  1 

Degree of basis functions:  1 

\/ Speed of sound function is used for passive flame matrices.
- Passive matrices are assembling..
- Matrix A is assembled.
- Matrix B is assembled.
- Matrix C is assembled.

[126841]
- Matrix contribution of flame 0 is computed.
[145938]
- Matrix contribution of flame 1 is computed.
[126513]
- Matrix contribution of flame 2 is computed.
[107930]
- Matrix contribution of flame 3 is computed.
[87369]
- Matrix contribution of flame 4 is computed.
[59984]
- Matrix contribution of flame 5 is computed.
[36015]
- Matrix contribution of flame 6 is computed.
[18318]
- Matrix contribution of flame 7 is computed.
[7834]
- Matrix contribution of flame 8 is computed.
[3448]
- Matrix contribution of flame 9 is computed.
[7406]
- Matrix contribution of flame 10 is computed.
[19567]
- Matrix contribution of flame 11 is computed.
[35351]
- Matrix contribution of flame 12 is computed.
[56553]
- Matrix contribution of flame 13 is computed.
[81798]
- Matrix contribution of flame 14 is computed.
[103908]
- Matrix contribution of flame 15 is computed.
- Generating matrix D..
- Submatrix D is Assembled.
- PEP solver started.
