XDMF Mesh is loaded.
Number of cells:  47,672
Number of cores:  1 

47672
- Passive matrices are assembling..
- Matrix A is assembled.
- Matrix C is assembled.

((10240, 10240), (10240, 10240))
A SIZE:  ((9323, 9323), (9323, 9323))
- EPS solver started.
- EPS solver converged. Eigenvalue computed.

******************************
*** SLEPc Solution Results ***
******************************

Number of iterations of the method: 2
Solution method: krylovschur
Number of requested eigenvalues: 5
Stopping condition: tol=1e-15, maxit=932
Number of converged eigenpairs 5

 8489460.491616,        0.000000
21393709.814472,        0.000000
120375686.314259,        0.000000
278224382.102701,        0.000000
419354430.632938,        0.000001

Eigenvalue-> 2913.668+0.000j | Eigenfrequency ->  463.725+0.000j

Eigenvalue-> 4625.333+0.000j | Eigenfrequency ->  736.145+0.000j

Eigenvalue-> 10971.585+0.000j | Eigenfrequency ->  1746.182+0.000j

Eigenvalues 1 -> 2913.668+0.000j | Eigenfrequencies ->  463.725+0.000j
Eigenvalues 2 -> 4625.333+0.000j | Eigenfrequencies ->  736.145+0.000j
Eigenvalues 3 -> 10971.585+0.000j | Eigenfrequencies ->  1746.182+0.000j
Total Execution Time:  0:00:02.923900
