
XDMF Mesh - Cell data loaded.
XDMF Mesh - Facet data loaded.
Number of cells:  9,686
Number of cores:  1 

Degree of basis functions:  1 

\/ Speed of sound function is used for passive flame matrices.
- Neumann boundaries on boundary 1
- Neumann boundaries on boundary 2
- Neumann boundaries on boundary 3
- Neumann boundaries on boundary 4
- Neumann boundaries on boundary 5
- Neumann boundaries on boundary 6
- Neumann boundaries on boundary 7
- Neumann boundaries on boundary 8
- Neumann boundaries on boundary 9
- Neumann boundaries on boundary 10
- Robin boundary on boundary 11
- Passive matrices are assembling..
- Matrix A is assembled.
- Matrix B is assembled.
- Matrix C is assembled.

- Generating matrix D..
- Matrix contribution of flame 0 is computed.
- Submatrix D is Assembled.
- PEP solver started.
- PEP solver converged. Eigenvalue computed.
-> Fixed point iteration started.

* iter =  1
- Direct matrix D is assembling...
- Matrix D is assembled.
- PEP solver started.
- PEP solver converged. Eigenvalue computed.
+ omega = +3047.277  +517.805j,  |domega| = 5.23e+02

* iter =  2
- Direct matrix D is assembling...
- Matrix D is assembled.
- PEP solver started.
- PEP solver converged. Eigenvalue computed.
+ omega = +3182.685  +413.767j,  |domega| = 1.71e+02

* iter =  3
- Direct matrix D is assembling...
- Matrix D is assembled.
- PEP solver started.
- PEP solver converged. Eigenvalue computed.
+ omega = +3229.515  +439.017j,  |domega| = 5.32e+01

* iter =  4
- Direct matrix D is assembling...
- Matrix D is assembled.
- PEP solver started.
- PEP solver converged. Eigenvalue computed.
+ omega = +3234.985  +436.143j,  |domega| = 6.18e+00

* iter =  5
- Direct matrix D is assembling...
- Matrix D is assembled.
- PEP solver started.
- PEP solver converged. Eigenvalue computed.
+ omega = +3235.145  +436.056j,  |domega| = 1.82e-01

* iter =  6
- Direct matrix D is assembling...
- Matrix D is assembled.
- PEP solver started.
- PEP solver converged. Eigenvalue computed.
+ omega = +3235.145  +436.055j,  |domega| = 5.72e-04

Eigenvalue-> 3235.145363+436.054594j | Eigenfrequency-> 514.889376+69.400244j
 
Total Execution Time:  0:00:01.404836
