
XDMF Mesh - Cell data loaded.
XDMF Mesh - Facet data loaded.
Number of cells:  167,374
Number of cores:  8 

Degree of basis functions:  1 

\/ Speed of sound function is used for passive flame matrices.
- Robin boundary on boundary 11
- Passive matrices are assembling..
- Matrix A is assembled.
- Matrix B is assembled.
- Matrix C is assembled.

- Generating matrix D..
- Matrix contribution of flame 0 is computed.
- Matrix contribution of flame 1 is computed.
- Matrix contribution of flame 2 is computed.
- Matrix contribution of flame 3 is computed.
- Matrix contribution of flame 4 is computed.
- Matrix contribution of flame 5 is computed.
- Matrix contribution of flame 6 is computed.
- Matrix contribution of flame 7 is computed.
- Matrix contribution of flame 8 is computed.
- Matrix contribution of flame 9 is computed.
- Matrix contribution of flame 10 is computed.
- Matrix contribution of flame 11 is computed.
- Matrix contribution of flame 12 is computed.
- Matrix contribution of flame 13 is computed.
- Matrix contribution of flame 14 is computed.
- Matrix contribution of flame 15 is computed.
- Submatrix D is Assembled.
- PEP solver started.
- PEP solver converged. Eigenvalue computed.
-> Fixed point iteration started.

* iter =  1
- Direct matrix D is assembling...
- Matrix D is assembled.
- PEP solver started.
- PEP solver converged. Eigenvalue computed.
+ omega = +642.333  -35.107j,  |domega| = 6.43e+02

* iter =  2
- Direct matrix D is assembling...
- Matrix D is assembled.
- PEP solver started.
- PEP solver converged. Eigenvalue computed.
+ omega = +988.403  -577.791j,  |domega| = 6.44e+02

* iter =  3
- Direct matrix D is assembling...
- Matrix D is assembled.
- PEP solver started.
- PEP solver converged. Eigenvalue computed.
+ omega = +923.339  -521.189j,  |domega| = 8.62e+01

* iter =  4
- Direct matrix D is assembling...
- Matrix D is assembled.
- PEP solver started.
- PEP solver converged. Eigenvalue computed.
+ omega = +928.775  -527.779j,  |domega| = 8.54e+00

* iter =  5
- Direct matrix D is assembling...
- Matrix D is assembled.
- PEP solver started.
- PEP solver converged. Eigenvalue computed.
+ omega = +928.880  -527.878j,  |domega| = 1.44e-01

* iter =  6
- Direct matrix D is assembling...
- Matrix D is assembled.
- PEP solver started.
- PEP solver converged. Eigenvalue computed.
+ omega = +928.879  -527.878j,  |domega| = 2.66e-04

Eigenvalue-> 928.879250-527.878099j | Eigenfrequency-> 147.835724-84.014409j
 
Results/Active/Modes/eigenvalues_147Hz.txt  is saved.
Total Execution Time for Direct Modes:  0:00:16.037806 

