
XDMF Mesh - Cell data loaded.
XDMF Mesh - Facet data loaded.
Number of cells:  167,401
Number of cores:  8 

Degree of basis functions:  1 

\/ Speed of sound function is used for passive flame matrices.
- Passive matrices are assembling..
- Matrix A is assembled.
- Matrix B is assembled.
- Matrix C is assembled.

- Generating matrix D..
- Matrix contribution of flame 0 is computed.
- Matrix contribution of flame 1 is computed.
- Matrix contribution of flame 2 is computed.
- Matrix contribution of flame 3 is computed.
- Matrix contribution of flame 4 is computed.
- Matrix contribution of flame 5 is computed.
- Matrix contribution of flame 6 is computed.
- Matrix contribution of flame 7 is computed.
- Matrix contribution of flame 8 is computed.
- Matrix contribution of flame 9 is computed.
- Matrix contribution of flame 10 is computed.
- Matrix contribution of flame 11 is computed.
- Matrix contribution of flame 12 is computed.
- Matrix contribution of flame 13 is computed.
- Matrix contribution of flame 14 is computed.
- Matrix contribution of flame 15 is computed.
- Submatrix D is Assembled.
- PEP solver started.
- PEP solver converged. Eigenvalue computed.
-> Fixed point iteration started.

* iter =  1
- Direct matrix D is assembling...
- Matrix D is assembled.
- PEP solver started.
- PEP solver converged. Eigenvalue computed.
+ omega = +4590.045  -8.098j,  |domega| = 5.19e+01

* iter =  2
- Direct matrix D is assembling...
- Matrix D is assembled.
- PEP solver started.
- PEP solver converged. Eigenvalue computed.
+ omega = +4530.748  +3.744j,  |domega| = 6.05e+01

* iter =  3
- Direct matrix D is assembling...
- Matrix D is assembled.
- PEP solver started.
- PEP solver converged. Eigenvalue computed.
+ omega = +4531.481  +3.873j,  |domega| = 7.44e-01

* iter =  4
- Direct matrix D is assembling...
- Matrix D is assembled.
- PEP solver started.
- PEP solver converged. Eigenvalue computed.
+ omega = +4531.477  +3.871j,  |domega| = 4.92e-03

* iter =  5
- Direct matrix D is assembling...
- Matrix D is assembled.
- PEP solver started.
- PEP solver converged. Eigenvalue computed.
+ omega = +4531.477  +3.871j,  |domega| = 4.03e-07

Eigenvalue-> 4531.476685+3.870847j | Eigenfrequency-> 721.206914+0.616064j
 
Results/Active/Modes/eigenvalues_721Hz.txt  is saved.
Total Execution Time for Direct Modes:  0:00:11.881680 

