
XDMF Mesh - Cell data loaded.
XDMF Mesh - Facet data loaded.
Number of cells:  9,042
Number of cores:  1 

Degree of basis functions:  1 

\/ Speed of sound function is used for passive flame matrices.
- Neumann boundaries on boundary 3
- Neumann boundaries on boundary 2
- Neumann boundaries on boundary 1
- Passive matrices are assembling..
- Matrix A is assembled.
! Note: It can be faster to use EPS solver.
- Matrix B is assembled.
- Matrix C is assembled.

- PEP solver started.
- PEP solver converged. Eigenvalue computed.

******************************
*** SLEPc Solution Results ***
******************************

Number of iterations of the method: 2
Solution method: toar
Number of requested eigenvalues: 2
Stopping condition: tol=1e-15, maxit=598
Number of converged eigenpairs 2

    1064.547726,        0.000000
    2128.747642,       -0.000000

Eigenvalue-> 1064.547726+0.000000j | Eigenfrequency-> 169.428033+0.000000j
 
Total Execution Time:  0:00:00.168356
