XDMF Mesh is loaded.
Number of cells:  55,695
Number of cores:  10 

/\ Temperature function is used for passive flame matrices.
- Dilution holes are modelled. Hole number is 1 in the hole dictionary.
- Passive matrices are assembling..
- Matrix A is assembled.
- Matrix B is assembled.
- Matrix C is assembled.

- PEP solver started.
- PEP solver converged. Eigenvalue computed.
-> Fixed point iteration started.

* iter =  1
- Direct matrix D is assembling...
- Generating matrix D..
- Matrix D is assembled.
- PEP solver started.
- PEP solver converged. Eigenvalue computed.
+ omega = +2335.48699980  -82.28140797j,  |domega| = 1.45e+02

* iter =  2
- Direct matrix D is assembling...
- Generating matrix D..
- Matrix D is assembled.
- PEP solver started.
- PEP solver converged. Eigenvalue computed.
+ omega = +2194.37608871  -151.78940751j,  |domega| = 1.57e+02

* iter =  3
- Direct matrix D is assembling...
- Generating matrix D..
- Matrix D is assembled.
- PEP solver started.
- PEP solver converged. Eigenvalue computed.
+ omega = +2194.33794580  -151.36548625j,  |domega| = 4.26e-01

* iter =  4
- Direct matrix D is assembling...
- Generating matrix D..
- Matrix D is assembled.
- PEP solver started.
- PEP solver converged. Eigenvalue computed.
+ omega = +2194.33851821  -151.36569986j,  |domega| = 6.11e-04

* iter =  5
- Direct matrix D is assembling...
- Generating matrix D..
- Matrix D is assembled.
- PEP solver started.
- PEP solver converged. Eigenvalue computed.
+ omega = +2194.33851821  -151.36569986j,  |domega| = 2.42e-09

Eigenvalue-> 2194.338518-151.365700j | Eigenfrequency-> 349.239822-24.090599j
 
- PEP solver started.
- PEP solver converged. Eigenvalue computed.
-> Fixed point iteration started.

* iter =  1
- Adjoint matrix D is assembling...
- Generating matrix D..
- Matrix D is assembled.
- PEP solver started.
- PEP solver converged. Eigenvalue computed.
+ omega = +2335.48699980  +82.28140797j,  |domega| = 1.45e+02

* iter =  2
- Adjoint matrix D is assembling...
- Generating matrix D..
- Matrix D is assembled.
- PEP solver started.
- PEP solver converged. Eigenvalue computed.
+ omega = +2194.37608871  +151.78940751j,  |domega| = 1.57e+02

* iter =  3
- Adjoint matrix D is assembling...
- Generating matrix D..
- Matrix D is assembled.
- PEP solver started.
- PEP solver converged. Eigenvalue computed.
+ omega = +2194.33794580  +151.36548625j,  |domega| = 4.26e-01

* iter =  4
- Adjoint matrix D is assembling...
- Generating matrix D..
- Matrix D is assembled.
- PEP solver started.
- PEP solver converged. Eigenvalue computed.
+ omega = +2194.33851821  +151.36569986j,  |domega| = 6.11e-04

* iter =  5
- Adjoint matrix D is assembling...
- Generating matrix D..
- Matrix D is assembled.
- PEP solver started.
- PEP solver converged. Eigenvalue computed.
+ omega = +2194.33851821  +151.36569985j,  |domega| = 2.27e-09

Eigenvalue-> 2194.338518+151.365700j | Eigenfrequency-> 349.239822+24.090599j
 
- Normalizing the adjoint eigenvector to calculate shape derivatives..
- Generating matrix D..
- Derivative of matrix D is assembled.
ShapeDerivatives/Derivatives.txt  is saved.
Total Execution Time:  0:07:14.182544
