Degree of basis functions:  1 

\/ Speed of sound function is used for passive flame matrices.
- Neumann boundaries on boundary 1
- Neumann boundaries on boundary 2
- Passive matrices are assembling..
- Matrix A is assembled.
- Matrix C is assembled.

- EPS solver started.
- EPS solver converged. Eigenvalue computed.

******************************
*** SLEPc Solution Results ***
******************************

Number of iterations of the method: 1
Solution method: krylovschur
Number of requested eigenvalues: 2
Stopping condition: tol=1e-15, maxit=100
Number of converged eigenpairs 4

 1132587.904344,       -0.000000
      -0.000002,        0.000000
 4530475.820682,        0.000000
10194036.372518,        0.000000

Eigenvalue-> 1064.231133-0.000000j | Eigenfrequency-> 169.377645-0.000000j
 
Total Execution Time:  0:00:00.089167
