
XDMF Mesh - Cell data loaded.
XDMF Mesh - Facet data loaded.
Number of cells:  9,686
Number of cores:  1 

Degree of basis functions:  1 

\/ Speed of sound function is used for passive flame matrices.
- Neumann boundaries on boundary 1
- Neumann boundaries on boundary 2
- Neumann boundaries on boundary 3
- Neumann boundaries on boundary 4
- Neumann boundaries on boundary 5
- Neumann boundaries on boundary 6
- Neumann boundaries on boundary 7
- Neumann boundaries on boundary 8
- Neumann boundaries on boundary 9
- Neumann boundaries on boundary 10
- Neumann boundaries on boundary 11
- Passive matrices are assembling..
- Matrix A is assembled.
- Matrix C is assembled.

- EPS solver started.
- EPS solver converged. Eigenvalue computed.
Eigenvalue-> 2931.177998+0.000000j | Eigenfrequency-> 466.511467+0.000000j
 
Eigenvalue-> 4633.352640-0.000000j | Eigenfrequency-> 737.420976-0.000000j
 
Eigenvalue-> 11107.674019-0.000000j | Eigenfrequency-> 1767.841226-0.000000j
 
Total Execution Time:  0:00:00.244814
