
XDMF Mesh - Cell data loaded.
XDMF Mesh - Facet data loaded.
Number of cells:  1,268
Number of cores:  4 

Degree of basis functions:  1 

/\ Temperature function is used for passive flame matrices.
- Neumann boundaries on boundary 4
- Neumann boundaries on boundary 3
- Neumann boundaries on boundary 2
- Neumann boundaries on boundary 1
- Passive matrices are assembling..
- Matrix A is assembled.
- Matrix C is assembled.

--> Fixed point iteration started.

- EPS solver started.
- EPS solver converged. Eigenvalue computed.
+ Starting eigenvalue is found: +1244.69894962  +0.00000000j. 
-> Iterations are starting.
 
* iter =  1
- Direct matrix D is assembling...
- Generating matrix D..
- Submatrix D is Assembled.
- Matrix D is assembled.
- EPS solver started.
- EPS solver converged. Eigenvalue computed.
+ omega = +1243.61625909  +3.36349236j,  |domega| = 3.53e+00

* iter =  2
- Direct matrix D is assembling...
- Generating matrix D..
- Submatrix D is Assembled.
- Matrix D is assembled.
- EPS solver started.
- EPS solver converged. Eigenvalue computed.
+ omega = +1242.57717331  +6.66765159j,  |domega| = 3.46e+00

* iter =  3
- Direct matrix D is assembling...
- Generating matrix D..
- Submatrix D is Assembled.
- Matrix D is assembled.
- EPS solver started.
- EPS solver converged. Eigenvalue computed.
+ omega = +1242.57701949  +6.66775824j,  |domega| = 1.87e-04

* iter =  4
- Direct matrix D is assembling...
- Generating matrix D..
- Submatrix D is Assembled.
- Matrix D is assembled.
- EPS solver started.
- EPS solver converged. Eigenvalue computed.
+ omega = +1242.57701949  +6.66775824j,  |domega| = 5.01e-09

Eigenvalue-> 1242.577019+6.667758j | Eigenfrequency-> 197.762275+1.061207j
 
Total Execution Time:  0:00:00.367207
