
XDMF Mesh - Cell data loaded.
XDMF Mesh - Facet data loaded.
Number of cells:  8,530
Number of cores:  1 

Degree of basis functions:  1 

\/ Speed of sound function is used for passive flame matrices.
- Neumann boundaries on boundary 1
- Neumann boundaries on boundary 2
- Neumann boundaries on boundary 3
- Passive matrices are assembling..
- Matrix A is assembled.
- Matrix C is assembled.

- EPS solver started.
- EPS solver converged. Eigenvalue computed.

******************************
*** SLEPc Solution Results ***
******************************

Number of iterations of the method: 1
Solution method: krylovschur
Number of requested eigenvalues: 2
Stopping condition: tol=1e-15, maxit=285
Number of converged eigenpairs 4

 1133475.711956,        0.000000
       0.000000,       -0.000000
 4530504.974779,       -0.000000
10202766.022649,        0.000000

Eigenvalue-> 1064.648163+0.000000j | Eigenfrequency-> 169.444018+0.000000j
 
Total Execution Time:  0:00:00.173065
