XDMF Mesh is loaded.
Number of cells:  63,724
Number of cores:  1 

\/ Speed of sound function is used for passive flame matrices.
- Passive matrices are assembling..
- Matrix A is assembled.
! Note: It can be faster to use EPS solver.
- Matrix B is assembled.
- Matrix C is assembled.

- Generating Matrix D..
- PEP solver started.
- PEP solver converged. Eigenvalue computed.
-> Fixed point iteration started.

* iter =  1
- Generating Matrix D..
- Matrix D is assembled.
- PEP solver started.
- PEP solver converged. Eigenvalue computed.
+ omega = +1248.31312827  +3.38226996j,  |domega| = 3.56e+00

* iter =  2
- Generating Matrix D..
- Matrix D is assembled.
- PEP solver started.
- PEP solver converged. Eigenvalue computed.
+ omega = +1247.24386873  +6.70488018j,  |domega| = 3.49e+00

* iter =  3
- Generating Matrix D..
- Matrix D is assembled.
- PEP solver started.
- PEP solver converged. Eigenvalue computed.
+ omega = +1247.24370960  +6.70497201j,  |domega| = 1.84e-04

* iter =  4
- Generating Matrix D..
- Matrix D is assembled.
- PEP solver started.
- PEP solver converged. Eigenvalue computed.
+ omega = +1247.24370960  +6.70497201j,  |domega| = 6.48e-09

Eigenvalue-> 1247.243710+6.704972j

Frequency -> 198.505002 (1/s) | Growth Rate -> 6.704972 (rad/s) 

Total Execution Time:  0:02:16.509735
